Files read successfully!
Calculated pseudoscalar:pseudo[0] = 3.171662
pseudo[1] = 0.030097
pseudo[2] = -0.113808
pseudo[3] = -0.065816
pseudo[4] = -0.005875
pseudo[5] = -0.015025
pseudo[6] = -0.004024
pseudo[7] = 0.000647
pseudo[8] = -0.001072
pseudo[9] = -0.000130
pseudo[10] = -0.000607
pseudo[11] = 0.000154
pseudo[12] = 0.000070
pseudo[13] = -0.000300
pseudo[14] = -0.000056
pseudo[15] = 0.000029
pseudo[16] = -0.000026
pseudo[17] = 0.000000
pseudo[18] = -0.000086
pseudo[19] = 0.000062
pseudo[20] = -0.000041
pseudo[21] = 0.000087
pseudo[22] = 0.000011
pseudo[23] = 0.000034
pseudo[24] = 0.000009
pseudo[25] = 0.000016
pseudo[26] = 0.000165
pseudo[27] = -0.000007
Files read successfully!
Calculated pseudoscalar:pseudo[0] = 3.143165
pseudo[1] = 0.514233
pseudo[2] = 0.093034
pseudo[3] = 0.019671
pseudo[4] = -0.000455
pseudo[5] = 0.017246
pseudo[6] = -0.004276
pseudo[7] = 0.002001
pseudo[8] = -0.000391
pseudo[9] = 0.000370
pseudo[10] = 0.000661
pseudo[11] = -0.000351
pseudo[12] = -0.000041
pseudo[13] = 0.000121
pseudo[14] = -0.000128
pseudo[15] = 0.000106
pseudo[16] = 0.000061
pseudo[17] = 0.000169
pseudo[18] = -0.000060
pseudo[19] = -0.000074
pseudo[20] = 0.000032
pseudo[21] = -0.000062
pseudo[22] = -0.000072
pseudo[23] = 0.000014
pseudo[24] = -0.000043
pseudo[25] = -0.000146
pseudo[26] = -0.000114
pseudo[27] = 0.000000
Files read successfully!
Calculated pseudoscalar:pseudo[0] = 3.171168
pseudo[1] = -0.211813
pseudo[2] = 0.037575
pseudo[3] = 0.044976
pseudo[4] = 0.028521
pseudo[5] = -0.003080
pseudo[6] = 0.001661
pseudo[7] = 0.001185
pseudo[8] = 0.000824
pseudo[9] = -0.000667
pseudo[10] = 0.000565
pseudo[11] = -0.000648
pseudo[12] = 0.000307
pseudo[13] = -0.000007
pseudo[14] = 0.000004
pseudo[15] = 0.000114
pseudo[16] = 0.000030
pseudo[17] = 0.000030
pseudo[18] = -0.000009
pseudo[19] = 0.000093
pseudo[20] = 0.000032
pseudo[21] = -0.000078
pseudo[22] = 0.000038
pseudo[23] = -0.000003
pseudo[24] = 0.000020
pseudo[25] = 0.000105
pseudo[26] = 0.000012
pseudo[27] = -0.000121
Files read successfully!
Calculated pseudoscalar:pseudo[0] = 3.144430
pseudo[1] = -0.265862
pseudo[2] = 0.357410
pseudo[3] = 0.042837
pseudo[4] = 0.025945
pseudo[5] = -0.011419
pseudo[6] = -0.002194
pseudo[7] = 0.002302
pseudo[8] = -0.000048
pseudo[9] = -0.000785
pseudo[10] = 0.000038
pseudo[11] = 0.000320
pseudo[12] = -0.000224
pseudo[13] = 0.000132
pseudo[14] = -0.000045
pseudo[15] = 0.000140
pseudo[16] = -0.000180
pseudo[17] = 0.000033
pseudo[18] = 0.000117
pseudo[19] = 0.000008
pseudo[20] = 0.000094
pseudo[21] = 0.000121
pseudo[22] = -0.000163
pseudo[23] = -0.000061
pseudo[24] = -0.000022
pseudo[25] = -0.000106
pseudo[26] = -0.000309
pseudo[27] = 0.000044
Files read successfully!
Calculated pseudoscalar:pseudo[0] = 3.143593
pseudo[1] = -0.312645
pseudo[2] = 0.204038
pseudo[3] = -0.057081
pseudo[4] = -0.015889
pseudo[5] = -0.006425
pseudo[6] = -0.004326
pseudo[7] = 0.001884
pseudo[8] = -0.000124
pseudo[9] = -0.000049
pseudo[10] = -0.000212
pseudo[11] = -0.000117
pseudo[12] = -0.000318
pseudo[13] = -0.000140
pseudo[14] = 0.000030
pseudo[15] = -0.000001
pseudo[16] = -0.000074
pseudo[17] = 0.000261
pseudo[18] = -0.000004
pseudo[19] = 0.000068
pseudo[20] = 0.000086
pseudo[21] = -0.000028
pseudo[22] = 0.000037
pseudo[23] = 0.000062
pseudo[24] = 0.000152
pseudo[25] = 0.000174
pseudo[26] = 0.000042
pseudo[27] = 0.000247
Files read successfully!
Calculated pseudoscalar:pseudo[0] = 3.189163
pseudo[1] = -0.249290
pseudo[2] = -0.002847
pseudo[3] = -0.087878
pseudo[4] = -0.004159
pseudo[5] = -0.010126
pseudo[6] = -0.001221
pseudo[7] = -0.001275
pseudo[8] = -0.000577
pseudo[9] = 0.001687
pseudo[10] = 0.000105
pseudo[11] = -0.000103
pseudo[12] = -0.000561
pseudo[13] = 0.000223
pseudo[14] = 0.000270
pseudo[15] = -0.000095
pseudo[16] = -0.000119
pseudo[17] = 0.000054
pseudo[18] = -0.000012
pseudo[19] = -0.000160
pseudo[20] = 0.000039
pseudo[21] = -0.000010
pseudo[22] = -0.000001
pseudo[23] = -0.000125
pseudo[24] = 0.000094
pseudo[25] = -0.000072
pseudo[26] = 0.000013
pseudo[27] = 0.000553
Files read successfully!
Calculated pseudoscalar:pseudo[0] = 3.141864
pseudo[1] = -0.094940
pseudo[2] = 0.245909
pseudo[3] = -0.032691
pseudo[4] = -0.019757
pseudo[5] = -0.004210
pseudo[6] = -0.000474
pseudo[7] = -0.001834
pseudo[8] = -0.001203
pseudo[9] = 0.000975
pseudo[10] = -0.000301
pseudo[11] = -0.000009
pseudo[12] = 0.000100
pseudo[13] = 0.000281
pseudo[14] = -0.000152
pseudo[15] = 0.000069
pseudo[16] = -0.000201
pseudo[17] = -0.000061
pseudo[18] = -0.000083
pseudo[19] = 0.000046
pseudo[20] = -0.000003
pseudo[21] = -0.000157
pseudo[22] = 0.000021
pseudo[23] = -0.000122
pseudo[24] = 0.000056
pseudo[25] = -0.000145
pseudo[26] = 0.000050
pseudo[27] = -0.000041
Files read successfully!
Calculated pseudoscalar:pseudo[0] = 3.166901
pseudo[1] = -0.267571
pseudo[2] = 0.018736
pseudo[3] = -0.028704
pseudo[4] = 0.012235
pseudo[5] = 0.002976
pseudo[6] = 0.002511
pseudo[7] = -0.000735
pseudo[8] = 0.000421
pseudo[9] = 0.000379
pseudo[10] = 0.000063
pseudo[11] = 0.001132
pseudo[12] = 0.000029
pseudo[13] = 0.000090
pseudo[14] = -0.000113
pseudo[15] = 0.000093
pseudo[16] = 0.000007
pseudo[17] = 0.000077
pseudo[18] = -0.000025
pseudo[19] = 0.000093
pseudo[20] = -0.000104
pseudo[21] = 0.000013
pseudo[22] = -0.000051
pseudo[23] = -0.000016
pseudo[24] = -0.000160
pseudo[25] = -0.000045
pseudo[26] = -0.000286
pseudo[27] = 0.000394
Files read successfully!
Calculated pseudoscalar:pseudo[0] = 3.187817
pseudo[1] = -0.365083
pseudo[2] = 0.062713
pseudo[3] = -0.035526
pseudo[4] = -0.025201
pseudo[5] = -0.000082
pseudo[6] = -0.001223
pseudo[7] = 0.000229
pseudo[8] = 0.000212
pseudo[9] = 0.001796
pseudo[10] = 0.001201
pseudo[11] = -0.000646
pseudo[12] = -0.000029
pseudo[13] = 0.000096
pseudo[14] = 0.000030
pseudo[15] = 0.000284
pseudo[16] = 0.000342
pseudo[17] = -0.000079
pseudo[18] = 0.000052
pseudo[19] = -0.000097
pseudo[20] = -0.000022
pseudo[21] = 0.000040
pseudo[22] = 0.000011
pseudo[23] = -0.000031
pseudo[24] = 0.000110
pseudo[25] = -0.000116
pseudo[26] = -0.000071
pseudo[27] = 0.000012
Files read successfully!
Calculated pseudoscalar:pseudo[0] = 3.153745
pseudo[1] = 0.445136
pseudo[2] = -0.038608
pseudo[3] = -0.044042
pseudo[4] = 0.030819
pseudo[5] = -0.006881
pseudo[6] = -0.001298
pseudo[7] = -0.002384
pseudo[8] = -0.001656
pseudo[9] = -0.000314
pseudo[10] = -0.000531
pseudo[11] = -0.000328
pseudo[12] = -0.000545
pseudo[13] = -0.000082
pseudo[14] = 0.000128
pseudo[15] = 0.000027
pseudo[16] = -0.000073
pseudo[17] = -0.000012
pseudo[18] = -0.000106
pseudo[19] = -0.000051
pseudo[20] = 0.000041
pseudo[21] = 0.000089
pseudo[22] = -0.000081
pseudo[23] = 0.000009
pseudo[24] = 0.000215
pseudo[25] = 0.000027
pseudo[26] = -0.000146
pseudo[27] = -0.000092
Files read successfully!
Calculated pseudoscalar:pseudo[0] = 3.138789
pseudo[1] = 0.345870
pseudo[2] = 0.063390
pseudo[3] = -0.057805
pseudo[4] = 0.013734
pseudo[5] = -0.005027
pseudo[6] = -0.003134
pseudo[7] = 0.000480
pseudo[8] = 0.001108
pseudo[9] = -0.000239
pseudo[10] = -0.000760
pseudo[11] = -0.000081
pseudo[12] = 0.000275
pseudo[13] = -0.000081
pseudo[14] = -0.000113
pseudo[15] = 0.000007
pseudo[16] = -0.000055
pseudo[17] = -0.000091
pseudo[18] = 0.000024
pseudo[19] = -0.000085
pseudo[20] = -0.000058
pseudo[21] = 0.000033
pseudo[22] = 0.000067
pseudo[23] = -0.000000
pseudo[24] = 0.000064
pseudo[25] = 0.000011
pseudo[26] = -0.000102
pseudo[27] = -0.000307
Files read successfully!
Calculated pseudoscalar:pseudo[0] = 3.158713
pseudo[1] = -0.227777
pseudo[2] = 0.046026
pseudo[3] = -0.012903
pseudo[4] = -0.018728
pseudo[5] = 0.008929
pseudo[6] = -0.003627
pseudo[7] = 0.008148
pseudo[8] = 0.003519
pseudo[9] = -0.000191
pseudo[10] = -0.000416
pseudo[11] = -0.000149
pseudo[12] = -0.000374
pseudo[13] = -0.000268
pseudo[14] = 0.000024
pseudo[15] = -0.000151
pseudo[16] = -0.000222
pseudo[17] = -0.000037
pseudo[18] = -0.000089
pseudo[19] = -0.000199
pseudo[20] = 0.000124
pseudo[21] = 0.000105
pseudo[22] = 0.000082
pseudo[23] = 0.000071
pseudo[24] = -0.000098
pseudo[25] = 0.000176
pseudo[26] = -0.000126
pseudo[27] = 0.000038
Files read successfully!
Calculated pseudoscalar:pseudo[0] = 3.158445
pseudo[1] = -0.172482
pseudo[2] = 0.054149
pseudo[3] = -0.028192
pseudo[4] = -0.013666
pseudo[5] = -0.008644
pseudo[6] = -0.006138
pseudo[7] = -0.000646
pseudo[8] = -0.001822
pseudo[9] = 0.000609
pseudo[10] = -0.000028
pseudo[11] = 0.000787
pseudo[12] = 0.000083
pseudo[13] = -0.000148
pseudo[14] = 0.000324
pseudo[15] = -0.000039
pseudo[16] = -0.000145
pseudo[17] = 0.000073
pseudo[18] = 0.000118
pseudo[19] = 0.000009
pseudo[20] = 0.000073
pseudo[21] = -0.000082
pseudo[22] = 0.000146
pseudo[23] = -0.000140
pseudo[24] = 0.000024
pseudo[25] = 0.000013
pseudo[26] = -0.000163
pseudo[27] = -0.000198
Files read successfully!
Calculated pseudoscalar:pseudo[0] = 3.146777
pseudo[1] = 0.057235
pseudo[2] = -0.056409
pseudo[3] = -0.046490
pseudo[4] = -0.003645
pseudo[5] = -0.013216
pseudo[6] = -0.005234
pseudo[7] = 0.003526
pseudo[8] = -0.001315
pseudo[9] = 0.000631
pseudo[10] = 0.000609
pseudo[11] = -0.000071
pseudo[12] = 0.000034
pseudo[13] = -0.000058
pseudo[14] = -0.000012
pseudo[15] = 0.000155
pseudo[16] = -0.000159
pseudo[17] = 0.000042
pseudo[18] = 0.000045
pseudo[19] = 0.000035
pseudo[20] = 0.000054
pseudo[21] = -0.000105
pseudo[22] = -0.000234
pseudo[23] = 0.000071
pseudo[24] = 0.000052
pseudo[25] = 0.000016
pseudo[26] = -0.000197
pseudo[27] = 0.000027
Files read successfully!
Calculated pseudoscalar:pseudo[0] = 3.151847
pseudo[1] = -0.185325
pseudo[2] = 0.041170
pseudo[3] = 0.013428
pseudo[4] = -0.006641
pseudo[5] = -0.005846
pseudo[6] = 0.008321
pseudo[7] = 0.001828
pseudo[8] = -0.001142
pseudo[9] = -0.000019
pseudo[10] = 0.000761
pseudo[11] = -0.000251
pseudo[12] = 0.000154
pseudo[13] = 0.000131
pseudo[14] = -0.000015
pseudo[15] = -0.000063
pseudo[16] = 0.000122
pseudo[17] = 0.000008
pseudo[18] = -0.000004
pseudo[19] = 0.000050
pseudo[20] = 0.000206
pseudo[21] = -0.000046
pseudo[22] = 0.000117
pseudo[23] = 0.000129
pseudo[24] = -0.000007
pseudo[25] = -0.000166
pseudo[26] = -0.000154
pseudo[27] = 0.000006
Files read successfully!
Calculated pseudoscalar:pseudo[0] = 3.166436
pseudo[1] = -0.356449
pseudo[2] = 0.077674
pseudo[3] = -0.010069
pseudo[4] = 0.008619
pseudo[5] = -0.011097
pseudo[6] = -0.001546
pseudo[7] = -0.000679
pseudo[8] = -0.002310
pseudo[9] = -0.000144
pseudo[10] = -0.000572
pseudo[11] = -0.000265
pseudo[12] = 0.000214
pseudo[13] = 0.000084
pseudo[14] = -0.000121
pseudo[15] = -0.000045
pseudo[16] = -0.000021
pseudo[17] = 0.000022
pseudo[18] = -0.000068
pseudo[19] = -0.000135
pseudo[20] = -0.000043
pseudo[21] = 0.000051
pseudo[22] = 0.000030
pseudo[23] = 0.000140
pseudo[24] = -0.000209
pseudo[25] = 0.000094
pseudo[26] = -0.000143
pseudo[27] = 0.000216
Files read successfully!
Calculated pseudoscalar:pseudo[0] = 3.166999
pseudo[1] = -0.241094
pseudo[2] = 0.007567
pseudo[3] = -0.069767
pseudo[4] = -0.022163
pseudo[5] = 0.023510
pseudo[6] = -0.003853
pseudo[7] = -0.001704
pseudo[8] = -0.000264
pseudo[9] = -0.000757
pseudo[10] = 0.000153
pseudo[11] = -0.000140
pseudo[12] = 0.000175
pseudo[13] = -0.000036
pseudo[14] = -0.000289
pseudo[15] = 0.000161
pseudo[16] = -0.000198
pseudo[17] = -0.000000
pseudo[18] = 0.000095
pseudo[19] = 0.000054
pseudo[20] = 0.000035
pseudo[21] = -0.000034
pseudo[22] = -0.000051
pseudo[23] = 0.000009
pseudo[24] = -0.000167
pseudo[25] = 0.000313
pseudo[26] = 0.000009
pseudo[27] = 0.000270
Files read successfully!
Calculated pseudoscalar:pseudo[0] = 3.104364
pseudo[1] = -0.322097
pseudo[2] = -0.036062
pseudo[3] = -0.033046
pseudo[4] = -0.008137
pseudo[5] = 0.018642
pseudo[6] = 0.007604
pseudo[7] = 0.000868
pseudo[8] = 0.002366
pseudo[9] = -0.001121
pseudo[10] = 0.001016
pseudo[11] = -0.000225
pseudo[12] = 0.000843
pseudo[13] = -0.000225
pseudo[14] = -0.000003
pseudo[15] = 0.000167
pseudo[16] = -0.000071
pseudo[17] = 0.000010
pseudo[18] = -0.000005
pseudo[19] = 0.000001
pseudo[20] = -0.000092
pseudo[21] = 0.000064
pseudo[22] = -0.000007
pseudo[23] = 0.000068
pseudo[24] = -0.000071
pseudo[25] = -0.000128
pseudo[26] = -0.000179
pseudo[27] = 0.000233
Files read successfully!
Calculated pseudoscalar:pseudo[0] = 3.164119
pseudo[1] = -0.126193
pseudo[2] = 0.049640
pseudo[3] = 0.010392
pseudo[4] = 0.041423
pseudo[5] = 0.002965
pseudo[6] = 0.009990
pseudo[7] = -0.001126
pseudo[8] = -0.001247
pseudo[9] = 0.000857
pseudo[10] = -0.000845
pseudo[11] = 0.000525
pseudo[12] = 0.000133
pseudo[13] = -0.000009
pseudo[14] = 0.000203
pseudo[15] = 0.000191
pseudo[16] = -0.000091
pseudo[17] = -0.000031
pseudo[18] = 0.000081
pseudo[19] = 0.000089
pseudo[20] = -0.000037
pseudo[21] = 0.000019
pseudo[22] = -0.000054
pseudo[23] = -0.000045
pseudo[24] = -0.000035
pseudo[25] = -0.000021
pseudo[26] = -0.000017
pseudo[27] = 0.000319
Files read successfully!
Calculated pseudoscalar:pseudo[0] = 3.167810
pseudo[1] = 0.018380
pseudo[2] = 0.012141
pseudo[3] = -0.038240
pseudo[4] = 0.044217
pseudo[5] = -0.010252
pseudo[6] = 0.008501
pseudo[7] = 0.002009
pseudo[8] = -0.000270
pseudo[9] = -0.000743
pseudo[10] = 0.000488
pseudo[11] = 0.000685
pseudo[12] = 0.000033
pseudo[13] = 0.000077
pseudo[14] = -0.000063
pseudo[15] = 0.000093
pseudo[16] = 0.000072
pseudo[17] = 0.000032
pseudo[18] = -0.000078
pseudo[19] = -0.000043
pseudo[20] = 0.000087
pseudo[21] = 0.000074
pseudo[22] = -0.000152
pseudo[23] = -0.000143
pseudo[24] = 0.000160
pseudo[25] = -0.000247
pseudo[26] = 0.000115
pseudo[27] = -0.000322
Files read successfully!
Calculated pseudoscalar:pseudo[0] = 3.239491
pseudo[1] = -0.312772
pseudo[2] = -0.087703
pseudo[3] = -0.092457
pseudo[4] = -0.024585
pseudo[5] = 0.000047
pseudo[6] = 0.001489
pseudo[7] = -0.001772
pseudo[8] = -0.001120
pseudo[9] = -0.000602
pseudo[10] = -0.000142
pseudo[11] = 0.000522
pseudo[12] = -0.000126
pseudo[13] = -0.000073
pseudo[14] = -0.000060
pseudo[15] = 0.000278
pseudo[16] = -0.000043
pseudo[17] = 0.000028
pseudo[18] = 0.000101
pseudo[19] = -0.000061
pseudo[20] = -0.000107
pseudo[21] = -0.000075
pseudo[22] = -0.000057
pseudo[23] = -0.000049
pseudo[24] = 0.000199
pseudo[25] = -0.000012
pseudo[26] = -0.000128
pseudo[27] = 0.000106
Files read successfully!
Calculated pseudoscalar:pseudo[0] = 3.155461
pseudo[1] = -0.264023
pseudo[2] = -0.102916
pseudo[3] = -0.065113
pseudo[4] = -0.002420
pseudo[5] = -0.013932
pseudo[6] = -0.002688
pseudo[7] = -0.004177
pseudo[8] = 0.000515
pseudo[9] = 0.001245
pseudo[10] = 0.000690
pseudo[11] = 0.000602
pseudo[12] = 0.000030
pseudo[13] = -0.000170
pseudo[14] = -0.000080
pseudo[15] = 0.000038
pseudo[16] = -0.000079
pseudo[17] = 0.000050
pseudo[18] = -0.000159
pseudo[19] = -0.000022
pseudo[20] = -0.000035
pseudo[21] = -0.000051
pseudo[22] = -0.000218
pseudo[23] = -0.000015
pseudo[24] = 0.000075
pseudo[25] = 0.000470
pseudo[26] = 0.000108
pseudo[27] = -0.000406
Files read successfully!
Calculated pseudoscalar:pseudo[0] = 3.226657
pseudo[1] = 0.120235
pseudo[2] = -0.129725
pseudo[3] = 0.014497
pseudo[4] = -0.013995
pseudo[5] = -0.005523
pseudo[6] = 0.002579
pseudo[7] = 0.009009
pseudo[8] = -0.000688
pseudo[9] = -0.000709
pseudo[10] = -0.001252
pseudo[11] = -0.000413
pseudo[12] = 0.000148
pseudo[13] = 0.000097
pseudo[14] = -0.000053
pseudo[15] = -0.000057
pseudo[16] = 0.000120
pseudo[17] = 0.000063
pseudo[18] = -0.000022
pseudo[19] = -0.000016
pseudo[20] = 0.000069
pseudo[21] = -0.000017
pseudo[22] = -0.000014
pseudo[23] = 0.000078
pseudo[24] = 0.000135
pseudo[25] = 0.000149
pseudo[26] = -0.000120
pseudo[27] = 0.000057
Files read successfully!
Calculated pseudoscalar:pseudo[0] = 3.207688
pseudo[1] = 0.399284
pseudo[2] = -0.005523
pseudo[3] = 0.056806
pseudo[4] = 0.032295
pseudo[5] = -0.005428
pseudo[6] = -0.004071
pseudo[7] = -0.001078
pseudo[8] = -0.000899
pseudo[9] = -0.001067
pseudo[10] = 0.000099
pseudo[11] = 0.000054
pseudo[12] = 0.000148
pseudo[13] = 0.000005
pseudo[14] = -0.000116
pseudo[15] = 0.000158
pseudo[16] = -0.000077
pseudo[17] = 0.000075
pseudo[18] = -0.000033
pseudo[19] = 0.000006
pseudo[20] = 0.000023
pseudo[21] = -0.000007
pseudo[22] = 0.000153
pseudo[23] = 0.000005
pseudo[24] = -0.000079
pseudo[25] = -0.000039
pseudo[26] = -0.000187
pseudo[27] = -0.000196
Files read successfully!
Calculated pseudoscalar:pseudo[0] = 3.158012
pseudo[1] = 0.182018
pseudo[2] = 0.174625
pseudo[3] = -0.004732
pseudo[4] = -0.006771
pseudo[5] = 0.014660
pseudo[6] = -0.009055
pseudo[7] = 0.001479
pseudo[8] = -0.002981
pseudo[9] = -0.000442
pseudo[10] = 0.000095
pseudo[11] = -0.000750
pseudo[12] = -0.000133
pseudo[13] = -0.000041
pseudo[14] = -0.000085
pseudo[15] = 0.000033
pseudo[16] = 0.000151
pseudo[17] = 0.000156
pseudo[18] = -0.000174
pseudo[19] = 0.000117
pseudo[20] = 0.000062
pseudo[21] = -0.000093
pseudo[22] = -0.000282
pseudo[23] = -0.000055
pseudo[24] = -0.000075
pseudo[25] = 0.000137
pseudo[26] = 0.000007
pseudo[27] = 0.000322
Files read successfully!
Calculated pseudoscalar:pseudo[0] = 3.146950
pseudo[1] = 0.463737
pseudo[2] = 0.127831
pseudo[3] = -0.043926
pseudo[4] = -0.015604
pseudo[5] = 0.010731
pseudo[6] = -0.000836
pseudo[7] = -0.004478
pseudo[8] = -0.001747
pseudo[9] = -0.000027
pseudo[10] = -0.000157
pseudo[11] = 0.000308
pseudo[12] = -0.000331
pseudo[13] = 0.000141
pseudo[14] = 0.000170
pseudo[15] = -0.000086
pseudo[16] = -0.000012
pseudo[17] = -0.000026
pseudo[18] = 0.000079
pseudo[19] = 0.000156
pseudo[20] = -0.000009
pseudo[21] = -0.000295
pseudo[22] = 0.000008
pseudo[23] = -0.000285
pseudo[24] = 0.000328
pseudo[25] = 0.000217
pseudo[26] = -0.000216
pseudo[27] = 0.000296
Files read successfully!
Calculated pseudoscalar:pseudo[0] = 3.189562
pseudo[1] = 0.433524
pseudo[2] = 0.203121
pseudo[3] = -0.039044
pseudo[4] = -0.021459
pseudo[5] = -0.006375
pseudo[6] = -0.002022
pseudo[7] = -0.000287
pseudo[8] = -0.000281
pseudo[9] = 0.000138
pseudo[10] = 0.000221
pseudo[11] = -0.000245
pseudo[12] = -0.000216
pseudo[13] = -0.000056
pseudo[14] = -0.000156
pseudo[15] = -0.000018
pseudo[16] = 0.000012
pseudo[17] = -0.000015
pseudo[18] = 0.000024
pseudo[19] = -0.000075
pseudo[20] = -0.000004
pseudo[21] = 0.000089
pseudo[22] = 0.000135
pseudo[23] = 0.000147
pseudo[24] = 0.000077
pseudo[25] = 0.000101
pseudo[26] = -0.000378
pseudo[27] = -0.000388
Files read successfully!
Calculated pseudoscalar:pseudo[0] = 3.114599
pseudo[1] = 0.311191
pseudo[2] = 0.108583
pseudo[3] = 0.018553
pseudo[4] = -0.013703
pseudo[5] = 0.002751
pseudo[6] = -0.003763
pseudo[7] = 0.004070
pseudo[8] = 0.000813
pseudo[9] = -0.000066
pseudo[10] = 0.000811
pseudo[11] = 0.000500
pseudo[12] = 0.000014
pseudo[13] = 0.000536
pseudo[14] = 0.000127
pseudo[15] = 0.000003
pseudo[16] = -0.000008
pseudo[17] = -0.000052
pseudo[18] = -0.000136
pseudo[19] = -0.000090
pseudo[20] = 0.000074
pseudo[21] = -0.000009
pseudo[22] = 0.000092
pseudo[23] = 0.000250
pseudo[24] = 0.000168
pseudo[25] = -0.000073
pseudo[26] = -0.000097
pseudo[27] = -0.000373
Files read successfully!
Calculated pseudoscalar:pseudo[0] = 3.154756
pseudo[1] = 0.389860
pseudo[2] = 0.242819
pseudo[3] = 0.061120
pseudo[4] = -0.002632
pseudo[5] = -0.000993
pseudo[6] = -0.000448
pseudo[7] = -0.000011
pseudo[8] = -0.001147
pseudo[9] = 0.001147
pseudo[10] = -0.000670
pseudo[11] = -0.000133
pseudo[12] = -0.000282
pseudo[13] = 0.000042
pseudo[14] = 0.000183
pseudo[15] = -0.000072
pseudo[16] = 0.000145
pseudo[17] = -0.000155
pseudo[18] = -0.000062
pseudo[19] = -0.000003
pseudo[20] = 0.000032
pseudo[21] = -0.000031
pseudo[22] = -0.000071
pseudo[23] = 0.000119
pseudo[24] = 0.000042
pseudo[25] = 0.000159
pseudo[26] = 0.000111
pseudo[27] = -0.000305
Files read successfully!
Calculated pseudoscalar:pseudo[0] = 3.136602
pseudo[1] = 0.284103
pseudo[2] = 0.276997
pseudo[3] = 0.070610
pseudo[4] = -0.007062
pseudo[5] = -0.009040
pseudo[6] = 0.002619
pseudo[7] = 0.001627
pseudo[8] = -0.000387
pseudo[9] = -0.001131
pseudo[10] = 0.000950
pseudo[11] = -0.000175
pseudo[12] = -0.000472
pseudo[13] = 0.000225
pseudo[14] = 0.000190
pseudo[15] = -0.000142
pseudo[16] = 0.000152
pseudo[17] = -0.000101
pseudo[18] = -0.000086
pseudo[19] = 0.000010
pseudo[20] = 0.000114
pseudo[21] = -0.000001
pseudo[22] = -0.000126
pseudo[23] = -0.000164
pseudo[24] = -0.000019
pseudo[25] = 0.000201
pseudo[26] = 0.000131
pseudo[27] = -0.000300
Files read successfully!
Calculated pseudoscalar:pseudo[0] = 3.168147
pseudo[1] = -0.259124
pseudo[2] = 0.117592
pseudo[3] = 0.000055
pseudo[4] = 0.044114
pseudo[5] = -0.007756
pseudo[6] = 0.004437
pseudo[7] = 0.002885
pseudo[8] = 0.000131
pseudo[9] = 0.000499
pseudo[10] = 0.000588
pseudo[11] = 0.000321
pseudo[12] = 0.000000
pseudo[13] = -0.000084
pseudo[14] = 0.000129
pseudo[15] = -0.000136
pseudo[16] = -0.000064
pseudo[17] = 0.000063
pseudo[18] = 0.000116
pseudo[19] = -0.000007
pseudo[20] = -0.000119
pseudo[21] = -0.000167
pseudo[22] = -0.000042
pseudo[23] = 0.000010
pseudo[24] = 0.000004
pseudo[25] = -0.000126
pseudo[26] = -0.000296
pseudo[27] = 0.000031
Files read successfully!
Calculated pseudoscalar:pseudo[0] = 3.155419
pseudo[1] = -0.238157
pseudo[2] = -0.068704
pseudo[3] = -0.036508
pseudo[4] = 0.027163
pseudo[5] = -0.011095
pseudo[6] = -0.002290
pseudo[7] = -0.002691
pseudo[8] = 0.001716
pseudo[9] = 0.000448
pseudo[10] = 0.001565
pseudo[11] = -0.000043
pseudo[12] = -0.000239
pseudo[13] = 0.000224
pseudo[14] = -0.000116
pseudo[15] = -0.000049
pseudo[16] = 0.000014
pseudo[17] = 0.000084
pseudo[18] = 0.000130
pseudo[19] = 0.000066
pseudo[20] = -0.000015
pseudo[21] = -0.000134
pseudo[22] = 0.000102
pseudo[23] = 0.000113
pseudo[24] = -0.000100
pseudo[25] = -0.000159
pseudo[26] = 0.000082
pseudo[27] = 0.000412
Files read successfully!
Calculated pseudoscalar:pseudo[0] = 3.151799
pseudo[1] = -0.332016
pseudo[2] = 0.025245
pseudo[3] = 0.000814
pseudo[4] = -0.002036
pseudo[5] = 0.010192
pseudo[6] = -0.008853
pseudo[7] = 0.004627
pseudo[8] = -0.001102
pseudo[9] = 0.000724
pseudo[10] = 0.000446
pseudo[11] = 0.000189
pseudo[12] = -0.000273
pseudo[13] = 0.000079
pseudo[14] = -0.000037
pseudo[15] = 0.000161
pseudo[16] = -0.000016
pseudo[17] = 0.000069
pseudo[18] = 0.000080
pseudo[19] = 0.000061
pseudo[20] = 0.000027
pseudo[21] = -0.000045
pseudo[22] = 0.000077
pseudo[23] = 0.000029
pseudo[24] = -0.000001
pseudo[25] = 0.000192
pseudo[26] = -0.000002
pseudo[27] = 0.000321
Files read successfully!
Calculated pseudoscalar:pseudo[0] = 3.208675
pseudo[1] = -0.390739
pseudo[2] = -0.146267
pseudo[3] = 0.076882
pseudo[4] = 0.018340
pseudo[5] = 0.006633
pseudo[6] = -0.007626
pseudo[7] = 0.001549
pseudo[8] = 0.000206
pseudo[9] = 0.001740
pseudo[10] = 0.000361
pseudo[11] = 0.000155
pseudo[12] = -0.000289
pseudo[13] = -0.000072
pseudo[14] = -0.000305
pseudo[15] = 0.000069
pseudo[16] = -0.000049
pseudo[17] = -0.000102
pseudo[18] = -0.000111
pseudo[19] = -0.000143
pseudo[20] = 0.000042
pseudo[21] = 0.000081
pseudo[22] = 0.000074
pseudo[23] = -0.000025
pseudo[24] = 0.000059
pseudo[25] = 0.000143
pseudo[26] = 0.000137
pseudo[27] = -0.000065
Files read successfully!
Calculated pseudoscalar:pseudo[0] = 3.104019
pseudo[1] = -0.374914
pseudo[2] = -0.125963
pseudo[3] = -0.029683
pseudo[4] = 0.034358
pseudo[5] = -0.015647
pseudo[6] = 0.009592
pseudo[7] = -0.002138
pseudo[8] = -0.002769
pseudo[9] = 0.001075
pseudo[10] = 0.000333
pseudo[11] = -0.000399
pseudo[12] = -0.000214
pseudo[13] = 0.000234
pseudo[14] = -0.000073
pseudo[15] = -0.000046
pseudo[16] = 0.000002
pseudo[17] = 0.000079
pseudo[18] = -0.000009
pseudo[19] = -0.000042
pseudo[20] = 0.000054
pseudo[21] = -0.000104
pseudo[22] = 0.000170
pseudo[23] = 0.000022
pseudo[24] = -0.000152
pseudo[25] = -0.000055
pseudo[26] = 0.000197
pseudo[27] = 0.000522
Files read successfully!
Calculated pseudoscalar:pseudo[0] = 3.171783
pseudo[1] = -0.343777
pseudo[2] = -0.112078
pseudo[3] = 0.043007
pseudo[4] = -0.009625
pseudo[5] = -0.005094
pseudo[6] = 0.002997
pseudo[7] = -0.001817
pseudo[8] = -0.001421
pseudo[9] = 0.000980
pseudo[10] = 0.000510
pseudo[11] = 0.000147
pseudo[12] = -0.000280
pseudo[13] = -0.000070
pseudo[14] = 0.000096
pseudo[15] = 0.000029
pseudo[16] = -0.000239
pseudo[17] = -0.000102
pseudo[18] = 0.000071
pseudo[19] = 0.000013
pseudo[20] = 0.000172
pseudo[21] = -0.000020
pseudo[22] = 0.000208
pseudo[23] = 0.000265
pseudo[24] = -0.000166
pseudo[25] = 0.000233
pseudo[26] = 0.000166
pseudo[27] = 0.000281
Files read successfully!
Calculated pseudoscalar:pseudo[0] = 3.131800
pseudo[1] = -0.229950
pseudo[2] = -0.080959
pseudo[3] = -0.006562
pseudo[4] = -0.021987
pseudo[5] = -0.008407
pseudo[6] = -0.002192
pseudo[7] = -0.003921
pseudo[8] = -0.000227
pseudo[9] = 0.000511
pseudo[10] = -0.000491
pseudo[11] = -0.000971
pseudo[12] = 0.000368
pseudo[13] = 0.000190
pseudo[14] = -0.000268
pseudo[15] = 0.000186
pseudo[16] = -0.000030
pseudo[17] = -0.000151
pseudo[18] = 0.000147
pseudo[19] = -0.000096
pseudo[20] = -0.000112
pseudo[21] = 0.000199
pseudo[22] = 0.000020
pseudo[23] = -0.000002
pseudo[24] = -0.000252
pseudo[25] = -0.000115
pseudo[26] = -0.000320
pseudo[27] = 0.000386
Files read successfully!
Calculated pseudoscalar:pseudo[0] = 3.135127
pseudo[1] = -0.034335
pseudo[2] = -0.098684
pseudo[3] = 0.060442
pseudo[4] = 0.023714
pseudo[5] = -0.000239
pseudo[6] = -0.002151
pseudo[7] = 0.003536
pseudo[8] = -0.000421
pseudo[9] = 0.000385
pseudo[10] = -0.000909
pseudo[11] = 0.000408
pseudo[12] = -0.000283
pseudo[13] = -0.000149
pseudo[14] = -0.000060
pseudo[15] = 0.000007
pseudo[16] = -0.000160
pseudo[17] = -0.000026
pseudo[18] = 0.000140
pseudo[19] = 0.000007
pseudo[20] = -0.000166
pseudo[21] = -0.000071
pseudo[22] = 0.000029
pseudo[23] = -0.000029
pseudo[24] = 0.000029
pseudo[25] = 0.000022
pseudo[26] = -0.000195
pseudo[27] = 0.000142
Files read successfully!
Calculated pseudoscalar:pseudo[0] = 3.179236
pseudo[1] = -0.299375
pseudo[2] = 0.088366
pseudo[3] = 0.009367
pseudo[4] = 0.013528
pseudo[5] = -0.001641
pseudo[6] = 0.011162
pseudo[7] = 0.000475
pseudo[8] = 0.000661
pseudo[9] = 0.000930
pseudo[10] = 0.001404
pseudo[11] = -0.000286
pseudo[12] = 0.000332
pseudo[13] = 0.000219
pseudo[14] = 0.000225
pseudo[15] = -0.000261
pseudo[16] = -0.000039
pseudo[17] = 0.000211
pseudo[18] = 0.000120
pseudo[19] = 0.000117
pseudo[20] = -0.000095
pseudo[21] = 0.000103
pseudo[22] = 0.000002
pseudo[23] = -0.000114
pseudo[24] = -0.000046
pseudo[25] = 0.000028
pseudo[26] = -0.000114
pseudo[27] = -0.000286
Files read successfully!
Calculated pseudoscalar:pseudo[0] = 3.143564
pseudo[1] = -0.234237
pseudo[2] = 0.050487
pseudo[3] = 0.064617
pseudo[4] = -0.017620
pseudo[5] = -0.013378
pseudo[6] = 0.004478
pseudo[7] = 0.005849
pseudo[8] = 0.001479
pseudo[9] = 0.000452
pseudo[10] = 0.000360
pseudo[11] = -0.000051
pseudo[12] = 0.000601
pseudo[13] = -0.000237
pseudo[14] = 0.000519
pseudo[15] = 0.000057
pseudo[16] = 0.000159
pseudo[17] = -0.000098
pseudo[18] = -0.000054
pseudo[19] = 0.000047
pseudo[20] = 0.000126
pseudo[21] = -0.000108
pseudo[22] = 0.000040
pseudo[23] = 0.000260
pseudo[24] = 0.000146
pseudo[25] = -0.000054
pseudo[26] = -0.000175
pseudo[27] = -0.000054
Files read successfully!
Calculated pseudoscalar:pseudo[0] = 3.225829
pseudo[1] = -0.341936
pseudo[2] = 0.055060
pseudo[3] = 0.098305
pseudo[4] = 0.005478
pseudo[5] = 0.000864
pseudo[6] = -0.004048
pseudo[7] = 0.002959
pseudo[8] = -0.002637
pseudo[9] = 0.001709
pseudo[10] = 0.000835
pseudo[11] = 0.000072
pseudo[12] = 0.000022
pseudo[13] = -0.000371
pseudo[14] = 0.000126
pseudo[15] = 0.000014
pseudo[16] = 0.000155
pseudo[17] = 0.000080
pseudo[18] = -0.000085
pseudo[19] = 0.000030
pseudo[20] = 0.000011
pseudo[21] = -0.000052
pseudo[22] = -0.000090
pseudo[23] = 0.000104
pseudo[24] = 0.000122
pseudo[25] = -0.000029
pseudo[26] = -0.000218
pseudo[27] = -0.000034
Files read successfully!
Calculated pseudoscalar:pseudo[0] = 3.117471
pseudo[1] = -0.076797
pseudo[2] = 0.304420
pseudo[3] = -0.021316
pseudo[4] = -0.004844
pseudo[5] = -0.002279
pseudo[6] = -0.002103
pseudo[7] = 0.003872
pseudo[8] = -0.001624
pseudo[9] = -0.000495
pseudo[10] = 0.000137
pseudo[11] = -0.000090
pseudo[12] = 0.000369
pseudo[13] = -0.000129
pseudo[14] = 0.000082
pseudo[15] = -0.000071
pseudo[16] = 0.000085
pseudo[17] = -0.000046
pseudo[18] = 0.000129
pseudo[19] = 0.000144
pseudo[20] = -0.000019
pseudo[21] = 0.000245
pseudo[22] = -0.000105
pseudo[23] = 0.000045
pseudo[24] = 0.000071
pseudo[25] = -0.000100
pseudo[26] = 0.000032
pseudo[27] = -0.000054
Files read successfully!
Calculated pseudoscalar:pseudo[0] = 3.172929
pseudo[1] = 0.117839
pseudo[2] = 0.182243
pseudo[3] = -0.056281
pseudo[4] = 0.003393
pseudo[5] = 0.006652
pseudo[6] = -0.004941
pseudo[7] = -0.001274
pseudo[8] = -0.002580
pseudo[9] = -0.001680
pseudo[10] = 0.001229
pseudo[11] = -0.000303
pseudo[12] = 0.000030
pseudo[13] = 0.000089
pseudo[14] = -0.000048
pseudo[15] = -0.000057
pseudo[16] = -0.000116
pseudo[17] = -0.000016
pseudo[18] = 0.000058
pseudo[19] = 0.000114
pseudo[20] = -0.000081
pseudo[21] = 0.000180
pseudo[22] = 0.000126
pseudo[23] = 0.000024
pseudo[24] = -0.000110
pseudo[25] = 0.000223
pseudo[26] = 0.000381
pseudo[27] = 0.000041
Files read successfully!
Calculated pseudoscalar:pseudo[0] = 3.179901
pseudo[1] = 0.497862
pseudo[2] = 0.351086
pseudo[3] = 0.106897
pseudo[4] = -0.033760
pseudo[5] = -0.009528
pseudo[6] = -0.007121
pseudo[7] = -0.001667
pseudo[8] = -0.002275
pseudo[9] = 0.000170
pseudo[10] = 0.001324
pseudo[11] = -0.000321
pseudo[12] = 0.000072
pseudo[13] = -0.000133
pseudo[14] = 0.000013
pseudo[15] = 0.000372
pseudo[16] = -0.000255
pseudo[17] = -0.000100
pseudo[18] = -0.000007
pseudo[19] = 0.000017
pseudo[20] = -0.000041
pseudo[21] = -0.000016
pseudo[22] = -0.000015
pseudo[23] = -0.000184
pseudo[24] = -0.000125
pseudo[25] = 0.000144
pseudo[26] = 0.000225
pseudo[27] = 0.000247
Files read successfully!
Calculated pseudoscalar:pseudo[0] = 3.172854
pseudo[1] = 0.114579
pseudo[2] = 0.009952
pseudo[3] = -0.004156
pseudo[4] = -0.018486
pseudo[5] = -0.002430
pseudo[6] = 0.004029
pseudo[7] = -0.000643
pseudo[8] = -0.000236
pseudo[9] = 0.000199
pseudo[10] = -0.000368
pseudo[11] = -0.000246
pseudo[12] = -0.000238
pseudo[13] = 0.000026
pseudo[14] = -0.000256
pseudo[15] = 0.000098
pseudo[16] = 0.000145
pseudo[17] = 0.000022
pseudo[18] = -0.000089
pseudo[19] = -0.000054
pseudo[20] = -0.000076
pseudo[21] = -0.000128
pseudo[22] = -0.000027
pseudo[23] = -0.000009
pseudo[24] = 0.000253
pseudo[25] = 0.000239
pseudo[26] = -0.000048
pseudo[27] = 0.000041
Files read successfully!
Calculated pseudoscalar:pseudo[0] = 3.183258
pseudo[1] = -0.052045
pseudo[2] = 0.064574
pseudo[3] = -0.037220
pseudo[4] = -0.037797
pseudo[5] = -0.007698
pseudo[6] = -0.003361
pseudo[7] = 0.001701
pseudo[8] = 0.001861
pseudo[9] = 0.000058
pseudo[10] = 0.000232
pseudo[11] = -0.000059
pseudo[12] = -0.000142
pseudo[13] = 0.000228
pseudo[14] = -0.000043
pseudo[15] = 0.000156
pseudo[16] = 0.000068
pseudo[17] = 0.000017
pseudo[18] = -0.000100
pseudo[19] = 0.000008
pseudo[20] = 0.000086
pseudo[21] = -0.000092
pseudo[22] = -0.000145
pseudo[23] = -0.000007
pseudo[24] = 0.000027
pseudo[25] = -0.000117
pseudo[26] = -0.000156
pseudo[27] = -0.000198
Files read successfully!
Calculated pseudoscalar:pseudo[0] = 3.151517
pseudo[1] = -0.210391
pseudo[2] = -0.056114
pseudo[3] = -0.000451
pseudo[4] = 0.023786
pseudo[5] = -0.012095
pseudo[6] = 0.005285
pseudo[7] = -0.000685
pseudo[8] = 0.001600
pseudo[9] = -0.001036
pseudo[10] = -0.000311
pseudo[11] = -0.000048
pseudo[12] = -0.000141
pseudo[13] = -0.000081
pseudo[14] = -0.000078
pseudo[15] = 0.000107
pseudo[16] = -0.000019
pseudo[17] = 0.000044
pseudo[18] = 0.000127
pseudo[19] = -0.000012
pseudo[20] = 0.000015
pseudo[21] = -0.000113
pseudo[22] = 0.000100
pseudo[23] = -0.000054
pseudo[24] = -0.000011
pseudo[25] = 0.000316
pseudo[26] = -0.000175
pseudo[27] = -0.000144
Files read successfully!
Calculated pseudoscalar:pseudo[0] = 3.140028
pseudo[1] = -0.067830
pseudo[2] = 0.148028
pseudo[3] = 0.020509
pseudo[4] = 0.045146
pseudo[5] = -0.011171
pseudo[6] = 0.002511
pseudo[7] = 0.001171
pseudo[8] = 0.001461
pseudo[9] = -0.000584
pseudo[10] = -0.000388
pseudo[11] = 0.000185
pseudo[12] = -0.000099
pseudo[13] = -0.000245
pseudo[14] = -0.000100
pseudo[15] = 0.000076
pseudo[16] = 0.000080
pseudo[17] = -0.000134
pseudo[18] = 0.000173
pseudo[19] = -0.000087
pseudo[20] = -0.000208
pseudo[21] = 0.000065
pseudo[22] = 0.000143
pseudo[23] = -0.000156
pseudo[24] = 0.000188
pseudo[25] = 0.000043
pseudo[26] = -0.000101
pseudo[27] = -0.000045
Files read successfully!
Calculated pseudoscalar:pseudo[0] = 3.131247
pseudo[1] = -0.229779
pseudo[2] = -0.032590
pseudo[3] = 0.003169
pseudo[4] = -0.021422
pseudo[5] = -0.014972
pseudo[6] = -0.002031
pseudo[7] = -0.002934
pseudo[8] = -0.000356
pseudo[9] = -0.000331
pseudo[10] = 0.000623
pseudo[11] = 0.000765
pseudo[12] = 0.000126
pseudo[13] = -0.000145
pseudo[14] = -0.000236
pseudo[15] = -0.000001
pseudo[16] = 0.000004
pseudo[17] = 0.000006
pseudo[18] = 0.000086
pseudo[19] = -0.000153
pseudo[20] = -0.000096
pseudo[21] = 0.000079
pseudo[22] = -0.000020
pseudo[23] = -0.000036
pseudo[24] = -0.000183
pseudo[25] = 0.000299
pseudo[26] = -0.000218
pseudo[27] = -0.000174
Warning: Cannot open light file for config 4000, skipping.

Averaged pseudoscalar over 49 configs:
pseudo_avg[0] = 3.161065
pseudo_avg[1] = -0.060523
pseudo_avg[2] = 0.053209
pseudo_avg[3] = -0.005076
pseudo_avg[4] = 0.001157
pseudo_avg[5] = -0.003046
pseudo_avg[6] = -0.000457
pseudo_avg[7] = 0.000611
pseudo_avg[8] = -0.000397
pseudo_avg[9] = 0.000130
pseudo_avg[10] = 0.000194
pseudo_avg[11] = -0.000002
pseudo_avg[12] = -0.000023
pseudo_avg[13] = 0.000003
pseudo_avg[14] = -0.000008
pseudo_avg[15] = 0.000043
pseudo_avg[16] = -0.000019
pseudo_avg[17] = 0.000009
pseudo_avg[18] = 0.000007
pseudo_avg[19] = -0.000004
pseudo_avg[20] = 0.000005
pseudo_avg[21] = -0.000010
pseudo_avg[22] = -0.000001
pseudo_avg[23] = 0.000004
pseudo_avg[24] = 0.000015
pseudo_avg[25] = 0.000045
pseudo_avg[26] = -0.000065
pseudo_avg[27] = 0.000030
